Job ID: 248
Host: user-NF5468-M7-A0-R0-00
CUDA_VISIBLE_DEVICES=0
Sun Jun 21 21:19:23 2026       
+-----------------------------------------------------------------------------------------+
| NVIDIA-SMI 580.126.09             Driver Version: 580.126.09     CUDA Version: 13.0     |
+-----------------------------------------+------------------------+----------------------+
| GPU  Name                 Persistence-M | Bus-Id          Disp.A | Volatile Uncorr. ECC |
| Fan  Temp   Perf          Pwr:Usage/Cap |           Memory-Usage | GPU-Util  Compute M. |
|                                         |                        |               MIG M. |
|=========================================+========================+======================|
|   0  NVIDIA RTX PRO 6000 Blac...    On  |   00000000:32:00.0 Off |                    0 |
| N/A   37C    P0             94W /  600W |      18MiB /  97887MiB |      0%      Default |
|                                         |                        |             Disabled |
+-----------------------------------------+------------------------+----------------------+

+-----------------------------------------------------------------------------------------+
| Processes:                                                                              |
|  GPU   GI   CI              PID   Type   Process name                        GPU Memory |
|        ID   ID                                                               Usage      |
|=========================================================================================|
|    0   N/A  N/A            4174      G   /usr/lib/xorg/Xorg                        4MiB |
+-----------------------------------------------------------------------------------------+
Processing 600 images from /home/buaajianghengchen/datasets/buaa1
Preprocessed images shape: (600, 3, 448, 592)
Exporting 100000 3D points to COLMAP
Saved COLMAP reconstruction to output/buaa1/sparse/0
Saved point cloud to output/buaa1/points.ply
